<?xml version="1.0" encoding="UTF-8"?>
<!-- Generated by org.testng.reporters.JUnitReportReporter -->
<testsuite hostname="Devakee" name="com.devakee.array.Patter1" tests="1" failures="0" timestamp="27 Aug 2017 04:51:52 GMT" time="18.877" errors="0">
  <testcase name="run" time="18.877" classname="com.devakee.array.Patter1"/>
</testsuite> <!-- com.devakee.array.Patter1 -->
